<?xml version="1.0" encoding="UTF-8" ?>
<testsuite failures="2" time="78.868" errors="0" skipped="2" tests="7" name="TestSuite">
  <properties>
[...]
</properties>
  <testcase time="15.43" classname="scenarios.AppiumTest" name="falseLoginTest"/>
  <testcase time="20.996" classname="scenarios.AppiumTest" name="testProductSearch"/>
  <testcase time="6.63" classname="scenarios.AppiumTest" name="testScrollUponHomePageAndTapAction">
    <failure message="An element could not be located on the page using the given search parameters. (WARNING: The server did not provide any stacktrace information)
Command duration or timeout: 286 milliseconds
For documentation on this error, please visit: http://seleniumhq.org/exceptions/no_such_element.html
Build info: version: &apos;2.43.0&apos;, revision: &apos;accb3003b9fb8f7cae30f9669b4c594a065396a6&apos;, time: &apos;2014-09-09 22:22:51&apos;
System info: host: &apos;Nishants-MacBook-Pro.local&apos;, ip: &apos;192.168.1.8&apos;, os.name: &apos;Mac OS X&apos;, os.arch: &apos;x86_64&apos;, os.version: &apos;10.10&apos;, java.version: &apos;1.6.0_65&apos;
Session ID: 7954892a-4a69-4b5b-bb4b-63534f395e37
Driver info: org.openqa.selenium.remote.RemoteWebDriver
Capabilities [{platform=LINUX, app=/Users/nishant/Development/AppiumDemo/apps/Flipkart.3.0.apk, javascriptEnabled=true, browserName=Android, networkConnectionEnabled=true, desired={app=/Users/nishant/Development/AppiumDemo/apps/Flipkart.3.0.apk, deviceName=Android, platformName=Android, device=Android}, locationContextEnabled=false, platformVersion=4.1, databaseEnabled=false, platformName=Android, deviceName=Android, webStorageEnabled=false, device=Android, warnings={}, takesScreenshot=true}]" type="org.openqa.selenium.NoSuchElementException">org.openqa.selenium.NoSuchElementException: An element could not be located on the page using the given search parameters. (WARNING: The server did not provide any stacktrace information)
Command duration or timeout: 286 milliseconds
For documentation on this error, please visit: http://seleniumhq.org/exceptions/no_such_element.html
Build info: version: &apos;2.43.0&apos;, revision: &apos;accb3003b9fb8f7cae30f9669b4c594a065396a6&apos;, time: &apos;2014-09-09 22:22:51&apos;
System info: host: &apos;Nishants-MacBook-Pro.local&apos;, ip: &apos;192.168.1.8&apos;, os.name: &apos;Mac OS X&apos;, os.arch: &apos;x86_64&apos;, os.version: &apos;10.10&apos;, java.version: &apos;1.6.0_65&apos;
Session ID: 7954892a-4a69-4b5b-bb4b-63534f395e37
Driver info: org.openqa.selenium.remote.RemoteWebDriver
Capabilities [{platform=LINUX, app=/Users/nishant/Development/AppiumDemo/apps/Flipkart.3.0.apk, javascriptEnabled=true, browserName=Android, networkConnectionEnabled=true, desired={app=/Users/nishant/Development/AppiumDemo/apps/Flipkart.3.0.apk, deviceName=Android, platformName=Android, device=Android}, locationContextEnabled=false, platformVersion=4.1, databaseEnabled=false, platformName=Android, deviceName=Android, webStorageEnabled=false, device=Android, warnings={}, takesScreenshot=true}]
	at sun.reflect.NativeConstructorAccessorImpl.newInstance0(Native Method)
	at sun.reflect.NativeConstructorAccessorImpl.newInstance(NativeConstructorAccessorImpl.java:39)
	at sun.reflect.DelegatingConstructorAccessorImpl.newInstance(DelegatingConstructorAccessorImpl.java:27)
	at java.lang.reflect.Constructor.newInstance(Constructor.java:513)
	at org.openqa.selenium.remote.ErrorHandler.createThrowable(ErrorHandler.java:204)
	at org.openqa.selenium.remote.ErrorHandler.throwIfResponseFailed(ErrorHandler.java:156)
	at org.openqa.selenium.remote.RemoteWebDriver.execute(RemoteWebDriver.java:599)
	at org.openqa.selenium.remote.RemoteWebDriver.findElement(RemoteWebDriver.java:352)
	at org.openqa.selenium.remote.RemoteWebDriver.findElementByName(RemoteWebDriver.java:425)
	at org.openqa.selenium.By$ByName.findElement(By.java:299)
	at org.openqa.selenium.remote.RemoteWebDriver.findElement(RemoteWebDriver.java:344)
	at pages.LandingPage.skipLogInScreen(LandingPage.java:33)
	at pages.LandingPage.scrollPageUpAndClickOnRefrigerator(LandingPage.java:40)
	at scenarios.AppiumTest.testScrollUponHomePageAndTapAction(AppiumTest.java:55)
</failure>
  </testcase>
  <testcase time="17.417" classname="scenarios.AppiumTest" name="testSwipeOnHomePage"/>
  <testcase time="18.394" classname="scenarios.IOSTest" name="setUp">
    <failure message="A new session could not be created. (Original error: Bad app: /Users/nishant/Development/AppiumDemo/apps/UICatalog6.1.app.zip. App paths need to be absolute, or relative to the appium server install dir, or a URL to compressed file, or a special app name. cause: Error: ENOENT, stat &apos;/Users/nishant/Development/AppiumDemo/apps/UICatalog6.1.app.zip&apos;) (WARNING: The server did not provide any stacktrace information)
Command duration or timeout: 10 milliseconds
Build info: version: &apos;2.43.0&apos;, revision: &apos;accb3003b9fb8f7cae30f9669b4c594a065396a6&apos;, time: &apos;2014-09-09 22:22:51&apos;
System info: host: &apos;Nishants-MacBook-Pro.local&apos;, ip: &apos;192.168.1.8&apos;, os.name: &apos;Mac OS X&apos;, os.arch: &apos;x86_64&apos;, os.version: &apos;10.10&apos;, java.version: &apos;1.6.0_65&apos;
Driver info: org.openqa.selenium.remote.RemoteWebDriver" type="org.openqa.selenium.SessionNotCreatedException">org.openqa.selenium.SessionNotCreatedException: A new session could not be created. (Original error: Bad app: /Users/nishant/Development/AppiumDemo/apps/UICatalog6.1.app.zip. App paths need to be absolute, or relative to the appium server install dir, or a URL to compressed file, or a special app name. cause: Error: ENOENT, stat &apos;/Users/nishant/Development/AppiumDemo/apps/UICatalog6.1.app.zip&apos;) (WARNING: The server did not provide any stacktrace information)
Command duration or timeout: 10 milliseconds
Build info: version: &apos;2.43.0&apos;, revision: &apos;accb3003b9fb8f7cae30f9669b4c594a065396a6&apos;, time: &apos;2014-09-09 22:22:51&apos;
System info: host: &apos;Nishants-MacBook-Pro.local&apos;, ip: &apos;192.168.1.8&apos;, os.name: &apos;Mac OS X&apos;, os.arch: &apos;x86_64&apos;, os.version: &apos;10.10&apos;, java.version: &apos;1.6.0_65&apos;
Driver info: org.openqa.selenium.remote.RemoteWebDriver
	at sun.reflect.NativeConstructorAccessorImpl.newInstance0(Native Method)
	at sun.reflect.NativeConstructorAccessorImpl.newInstance(NativeConstructorAccessorImpl.java:39)
	at sun.reflect.DelegatingConstructorAccessorImpl.newInstance(DelegatingConstructorAccessorImpl.java:27)
	at java.lang.reflect.Constructor.newInstance(Constructor.java:513)
	at org.openqa.selenium.remote.ErrorHandler.createThrowable(ErrorHandler.java:204)
	at org.openqa.selenium.remote.ErrorHandler.throwIfResponseFailed(ErrorHandler.java:156)
	at org.openqa.selenium.remote.RemoteWebDriver.execute(RemoteWebDriver.java:599)
	at org.openqa.selenium.remote.RemoteWebDriver.startSession(RemoteWebDriver.java:240)
	at org.openqa.selenium.remote.RemoteWebDriver.&lt;init&gt;(RemoteWebDriver.java:126)
	at org.openqa.selenium.remote.RemoteWebDriver.&lt;init&gt;(RemoteWebDriver.java:153)
	at scenarios.IOSTest.setUp(IOSTest.java:36)
</failure>
  </testcase>
  <testcase time="0" classname="scenarios.IOSTest" name="testSearchWorkflow">
    <skipped/>
  </testcase>
  <testcase time="0.001" classname="scenarios.IOSTest" name="tearDown">
    <skipped/>
  </testcase>
</testsuite>